Build started 26/01/2015 2:07:42 CH.
     1>Project "C:\Users\TOAN LV\Documents\Visual Studio 2013\Projects\AppDev\2048\2048.vcxproj" on node 2 (Build target(s)).
     1>ClCompile:
         C:\Program Files (x86)\Microsoft Visual Studio 12.0\VC\bin\CL.exe /c /Zi /nologo /W3 /WX- /O2 /Oi /Oy- /GL /D WIN32 /D NDEBUG /D _CONSOLE /D _LIB /D _UNICODE /D UNICODE /Gm- /EHsc /MT /GS /Gy /fp:precise /Zc:wchar_t /Zc:forScope /Fo"Release\\" /Fd"Release\vc120.pdb" /Gd /TP /analyze- /errorReport:prompt MainPrg.cpp
         MainPrg.cpp
       ResourceCompile:
         C:\Program Files (x86)\Windows Kits\8.1\bin\x86\rc.exe /D _UNICODE /D UNICODE /l"0x0409" /nologo /fo"Release\2048.res" 2048.rc 
       Link:
         C:\Program Files (x86)\Microsoft Visual Studio 12.0\VC\bin\link.exe /ERRORREPORT:PROMPT /OUT:"C:\Users\TOAN LV\Documents\Visual Studio 2013\Projects\AppDev\2048\Release\2048.exe" /INCREMENTAL:NO /NOLOGO /MANIFEST /MANIFESTUAC:"level='asInvoker' uiAccess='false'" /manifest:embed /manifestinput:"C:\Program Files (x86)\Microsoft Visual Studio 12.0\VC\Include\Manifest\dpiaware.manifest" /DEBUG /PDB:"C:\Users\TOAN LV\Documents\Visual Studio 2013\Projects\AppDev\2048\Release\2048.pdb" /SUBSYSTEM:CONSOLE /OPT:REF /OPT:ICF /LTCG /TLBID:1 /DYNAMICBASE /NXCOMPAT /IMPLIB:"C:\Users\TOAN LV\Documents\Visual Studio 2013\Projects\AppDev\2048\Release\2048.lib" /MACHINE:X86 /SAFESEH Release\2048.res
         Release\Choi.obj
         Release\DoHoa.obj
         Release\MainPrg.obj
         Release\XuLy.obj
         Release\XuLyPhu.obj
         Generating code
         Finished generating code
         2048.vcxproj -> C:\Users\TOAN LV\Documents\Visual Studio 2013\Projects\AppDev\2048\Release\2048.exe
     1>Done Building Project "C:\Users\TOAN LV\Documents\Visual Studio 2013\Projects\AppDev\2048\2048.vcxproj" (Build target(s)).

Build succeeded.

Time Elapsed 00:00:04.15
